<?xml version="1.0" encoding="UTF-8"?>
<!-- Generated by org.testng.reporters.JUnitReportReporter -->
<testsuite hostname="khosruzs-MacBook-Pro.local" failures="0" tests="3" name="com.Datas.DataProviders" time="0.013" errors="0" timestamp="2022-03-29T19:55:30 EDT" skipped="0">
  <testcase classname="com.Datas.DataProviders" name="getTestData" time="0.002"/>
  <system-out/>
  <testcase classname="com.Datas.DataProviders" name="getTestData" time="0.009"/>
  <system-out/>
  <testcase classname="com.Datas.DataProviders" name="getTestData" time="0.002"/>
  <system-out/>
</testsuite> <!-- com.Datas.DataProviders -->
