<?xml version="1.0" encoding="UTF-8"?>
<!-- Generated by org.testng.reporters.JUnitReportReporter -->
<testsuite hostname="khosruzs-MacBook-Pro.local" failures="0" tests="1" name="com.Datas.Arrays" time="0.008" errors="0" timestamp="2022-03-29T19:02:33 EDT" skipped="0">
  <testcase classname="com.Datas.Arrays" name="arrays" time="0.008"/>
  <system-out/>
</testsuite> <!-- com.Datas.Arrays -->
