<?xml version="1.0" encoding="UTF-8"?>
<!-- Generated by org.testng.reporters.JUnitReportReporter -->
<testsuite hostname="khosruzs-MacBook-Pro.local" failures="0" tests="1" name="com.Datas.ArrayLists" time="0.010" errors="0" timestamp="2022-03-29T19:26:18 EDT" skipped="0">
  <testcase classname="com.Datas.ArrayLists" name="aLists" time="0.010"/>
  <system-out/>
</testsuite> <!-- com.Datas.ArrayLists -->
