<?xml version="1.0" encoding="UTF-8"?>
<!-- Generated by org.testng.reporters.JUnitReportReporter -->
<testsuite hostname="khosruzs-MBP.lan" failures="0" tests="1" name="com.Datas.Maps" time="0.009" errors="0" timestamp="2022-04-05T00:48:56 EDT" skipped="0">
  <testcase classname="com.Datas.Maps" name="maps" time="0.009"/>
  <system-out/>
</testsuite> <!-- com.Datas.Maps -->
