<?xml version="1.0" encoding="UTF-8"?>
<!-- Generated by org.testng.reporters.JUnitReportReporter -->
<testsuite hostname="khosruzs-MacBook-Pro.local" failures="0" tests="1" name="com.Datas.Maps" time="0.011" errors="0" timestamp="2022-03-29T19:31:34 EDT" skipped="0">
  <testcase classname="com.Datas.Maps" name="maps" time="0.011"/>
  <system-out/>
</testsuite> <!-- com.Datas.Maps -->
