<?xml version="1.0" encoding="UTF-8"?>
<!-- Generated by org.testng.reporters.JUnitReportReporter -->
<testsuite hostname="khosruzs-MacBook-Pro.local" failures="0" tests="1" name="com.TestNGS.DatabaseConnections" time="0.823" errors="0" timestamp="2022-03-29T18:58:37 EDT" skipped="0">
  <testcase classname="com.TestNGS.DatabaseConnections" name="connectionTwo" time="0.823"/>
  <system-out/>
</testsuite> <!-- com.TestNGS.DatabaseConnections -->
