<?xml version="1.0" encoding="UTF-8"?>
<!-- Generated by org.testng.reporters.JUnitReportReporter -->
<testsuite hostname="khosruzs-MBP.lan" failures="0" tests="3" name="com.TestNGS.DataProviders" time="0.011" errors="0" timestamp="2022-03-26T19:37:24 EDT" skipped="0">
  <testcase classname="com.TestNGS.DataProviders" name="testData" time="0.007"/>
  <system-out/>
  <testcase classname="com.TestNGS.DataProviders" name="testData" time="0.002"/>
  <system-out/>
  <testcase classname="com.TestNGS.DataProviders" name="testData" time="0.002"/>
  <system-out/>
</testsuite> <!-- com.TestNGS.DataProviders -->
